<?xml version="1.0" encoding="UTF-8"?>
<coverage generated="1557163653730" clover="3.2.0">
  <project timestamp="1557163653730" name="All files">
    <metrics statements="241" coveredstatements="104" conditionals="44" coveredconditionals="7" methods="61" coveredmethods="25" elements="346" coveredelements="136" complexity="0" loc="241" ncloc="241" packages="3" files="7" classes="7">
      <package name="Syntax">
        <metrics statements="47" coveredstatements="42" conditionals="4" coveredconditionals="3" methods="3" coveredmethods="3"/>
        <file name="parser.js" path="/Users/ray/git-repos/GRADING/lina/FUZZ/Syntax/parser.js">
          <metrics statements="43" coveredstatements="38" conditionals="4" coveredconditionals="3" methods="2" coveredmethods="2"/>
          <line num="1" count="2" type="stmt"/>
          <line num="2" count="2" type="stmt"/>
          <line num="8" count="2" type="stmt"/>
          <line num="10" count="2" type="stmt"/>
          <line num="14" count="8" type="cond" truecount="2" falsecount="0"/>
          <line num="18" count="2" type="stmt"/>
          <line num="21" count="22" type="stmt"/>
          <line num="24" count="26" type="stmt"/>
          <line num="29" count="23" type="stmt"/>
          <line num="32" count="2" type="stmt"/>
          <line num="35" count="1" type="stmt"/>
          <line num="38" count="1" type="stmt"/>
          <line num="41" count="0" type="stmt"/>
          <line num="44" count="23" type="stmt"/>
          <line num="47" count="2" type="stmt"/>
          <line num="50" count="0" type="stmt"/>
          <line num="53" count="8" type="stmt"/>
          <line num="56" count="4" type="stmt"/>
          <line num="59" count="2" type="stmt"/>
          <line num="62" count="3" type="stmt"/>
          <line num="65" count="0" type="stmt"/>
          <line num="68" count="4" type="stmt"/>
          <line num="71" count="10" type="stmt"/>
          <line num="74" count="2" type="stmt"/>
          <line num="77" count="1" type="stmt"/>
          <line num="80" count="3" type="stmt"/>
          <line num="83" count="4" type="stmt"/>
          <line num="86" count="3" type="stmt"/>
          <line num="89" count="4" type="stmt"/>
          <line num="92" count="0" type="stmt"/>
          <line num="95" count="4" type="stmt"/>
          <line num="98" count="7" type="stmt"/>
          <line num="101" count="2" type="stmt"/>
          <line num="104" count="30" type="stmt"/>
          <line num="107" count="20" type="stmt"/>
          <line num="111" count="5" type="stmt"/>
          <line num="114" count="44" type="stmt"/>
          <line num="117" count="32" type="stmt"/>
          <line num="122" count="2" type="stmt"/>
          <line num="123" count="22" type="stmt"/>
          <line num="124" count="22" type="cond" truecount="1" falsecount="1"/>
          <line num="125" count="0" type="stmt"/>
          <line num="127" count="22" type="stmt"/>
        </file>
        <file name="syntax_checker.js" path="/Users/ray/git-repos/GRADING/lina/FUZZ/Syntax/syntax_checker.js">
          <metrics statements="4" coveredstatements="4" conditionals="0" coveredconditionals="0" methods="1" coveredmethods="1"/>
          <line num="1" count="2" type="stmt"/>
          <line num="2" count="2" type="stmt"/>
          <line num="4" count="2" type="stmt"/>
          <line num="6" count="13" type="stmt"/>
        </file>
      </package>
      <package name="ast">
        <metrics statements="27" coveredstatements="21" conditionals="2" coveredconditionals="0" methods="25" coveredmethods="20"/>
        <file name="index.js" path="/Users/ray/git-repos/GRADING/lina/FUZZ/ast/index.js">
          <metrics statements="27" coveredstatements="21" conditionals="2" coveredconditionals="0" methods="25" coveredmethods="20"/>
          <line num="3" count="3" type="stmt"/>
          <line num="9" count="3" type="stmt"/>
          <line num="15" count="1" type="stmt"/>
          <line num="21" count="24" type="stmt"/>
          <line num="27" count="9" type="stmt"/>
          <line num="33" count="0" type="stmt"/>
          <line num="39" count="0" type="cond" truecount="0" falsecount="2"/>
          <line num="40" count="0" type="stmt"/>
          <line num="47" count="4" type="stmt"/>
          <line num="53" count="4" type="stmt"/>
          <line num="59" count="8" type="stmt"/>
          <line num="65" count="7" type="stmt"/>
          <line num="71" count="10" type="stmt"/>
          <line num="77" count="2" type="stmt"/>
          <line num="83" count="55" type="stmt"/>
          <line num="89" count="1" type="stmt"/>
          <line num="95" count="0" type="stmt"/>
          <line num="101" count="8" type="stmt"/>
          <line num="107" count="3" type="stmt"/>
          <line num="113" count="0" type="stmt"/>
          <line num="119" count="21" type="stmt"/>
          <line num="125" count="4" type="stmt"/>
          <line num="131" count="2" type="stmt"/>
          <line num="137" count="29" type="stmt"/>
          <line num="143" count="23" type="stmt"/>
          <line num="149" count="0" type="stmt"/>
          <line num="153" count="2" type="stmt"/>
        </file>
      </package>
      <package name="semantics">
        <metrics statements="167" coveredstatements="41" conditionals="38" coveredconditionals="4" methods="33" coveredmethods="2"/>
        <file name="analyzer.js" path="/Users/ray/git-repos/GRADING/lina/FUZZ/semantics/analyzer.js">
          <metrics statements="114" coveredstatements="22" conditionals="18" coveredconditionals="0" methods="22" coveredmethods="0"/>
          <line num="5" count="2" type="stmt"/>
          <line num="7" count="2" type="stmt"/>
          <line num="9" count="2" type="stmt"/>
          <line num="11" count="2" type="stmt"/>
          <line num="12" count="0" type="stmt"/>
          <line num="13" count="0" type="stmt"/>
          <line num="14" count="0" type="stmt"/>
          <line num="15" count="0" type="stmt"/>
          <line num="16" count="0" type="stmt"/>
          <line num="17" count="0" type="stmt"/>
          <line num="18" count="0" type="stmt"/>
          <line num="21" count="2" type="stmt"/>
          <line num="22" count="0" type="stmt"/>
          <line num="23" count="0" type="stmt"/>
          <line num="24" count="0" type="stmt"/>
          <line num="25" count="0" type="stmt"/>
          <line num="28" count="2" type="stmt"/>
          <line num="29" count="0" type="stmt"/>
          <line num="30" count="0" type="stmt"/>
          <line num="31" count="0" type="cond" truecount="0" falsecount="2"/>
          <line num="32" count="0" type="stmt"/>
          <line num="33" count="0" type="stmt"/>
          <line num="34" count="0" type="cond" truecount="0" falsecount="2"/>
          <line num="35" count="0" type="stmt"/>
          <line num="36" count="0" type="stmt"/>
          <line num="37" count="0" type="cond" truecount="0" falsecount="2"/>
          <line num="38" count="0" type="stmt"/>
          <line num="39" count="0" type="stmt"/>
          <line num="40" count="0" type="stmt"/>
          <line num="42" count="0" type="stmt"/>
          <line num="44" count="0" type="stmt"/>
          <line num="48" count="2" type="stmt"/>
          <line num="49" count="0" type="stmt"/>
          <line num="50" count="0" type="stmt"/>
          <line num="51" count="0" type="stmt"/>
          <line num="52" count="0" type="stmt"/>
          <line num="53" count="0" type="stmt"/>
          <line num="56" count="2" type="stmt"/>
          <line num="57" count="0" type="stmt"/>
          <line num="60" count="2" type="stmt"/>
          <line num="61" count="0" type="stmt"/>
          <line num="69" count="2" type="stmt"/>
          <line num="70" count="0" type="stmt"/>
          <line num="71" count="0" type="stmt"/>
          <line num="72" count="0" type="stmt"/>
          <line num="75" count="2" type="stmt"/>
          <line num="76" count="0" type="stmt"/>
          <line num="77" count="0" type="stmt"/>
          <line num="80" count="2" type="stmt"/>
          <line num="81" count="0" type="stmt"/>
          <line num="82" count="0" type="stmt"/>
          <line num="85" count="2" type="stmt"/>
          <line num="86" count="0" type="stmt"/>
          <line num="87" count="0" type="stmt"/>
          <line num="88" count="0" type="stmt"/>
          <line num="89" count="0" type="cond" truecount="0" falsecount="2"/>
          <line num="90" count="0" type="stmt"/>
          <line num="92" count="0" type="stmt"/>
          <line num="93" count="0" type="stmt"/>
          <line num="94" count="0" type="cond" truecount="0" falsecount="2"/>
          <line num="95" count="0" type="stmt"/>
          <line num="99" count="2" type="stmt"/>
          <line num="100" count="0" type="cond" truecount="0" falsecount="2"/>
          <line num="101" count="0" type="stmt"/>
          <line num="102" count="0" type="cond" truecount="0" falsecount="2"/>
          <line num="103" count="0" type="stmt"/>
          <line num="104" count="0" type="cond" truecount="0" falsecount="2"/>
          <line num="105" count="0" type="stmt"/>
          <line num="109" count="2" type="stmt"/>
          <line num="110" count="0" type="stmt"/>
          <line num="111" count="0" type="stmt"/>
          <line num="112" count="0" type="stmt"/>
          <line num="113" count="0" type="stmt"/>
          <line num="116" count="2" type="stmt"/>
          <line num="117" count="0" type="stmt"/>
          <line num="118" count="0" type="stmt"/>
          <line num="119" count="0" type="stmt"/>
          <line num="120" count="0" type="stmt"/>
          <line num="121" count="0" type="stmt"/>
          <line num="124" count="2" type="stmt"/>
          <line num="125" count="0" type="stmt"/>
          <line num="126" count="0" type="stmt"/>
          <line num="129" count="2" type="stmt"/>
          <line num="130" count="0" type="stmt"/>
          <line num="131" count="0" type="stmt"/>
          <line num="132" count="0" type="stmt"/>
          <line num="133" count="0" type="stmt"/>
          <line num="134" count="0" type="stmt"/>
          <line num="135" count="0" type="stmt"/>
          <line num="139" count="2" type="stmt"/>
          <line num="140" count="0" type="stmt"/>
          <line num="141" count="0" type="stmt"/>
          <line num="142" count="0" type="stmt"/>
          <line num="143" count="0" type="stmt"/>
          <line num="144" count="0" type="stmt"/>
          <line num="145" count="0" type="stmt"/>
          <line num="146" count="0" type="stmt"/>
          <line num="147" count="0" type="stmt"/>
          <line num="148" count="0" type="stmt"/>
          <line num="151" count="2" type="stmt"/>
          <line num="152" count="0" type="stmt"/>
          <line num="155" count="2" type="stmt"/>
          <line num="156" count="0" type="stmt"/>
          <line num="157" count="0" type="cond" truecount="0" falsecount="2"/>
          <line num="158" count="0" type="stmt"/>
          <line num="159" count="0" type="stmt"/>
          <line num="162" count="0" type="stmt"/>
          <line num="164" count="0" type="stmt"/>
          <line num="167" count="2" type="stmt"/>
          <line num="168" count="0" type="stmt"/>
          <line num="169" count="0" type="stmt"/>
          <line num="170" count="0" type="stmt"/>
          <line num="171" count="0" type="stmt"/>
          <line num="172" count="0" type="stmt"/>
        </file>
        <file name="builtins.js" path="/Users/ray/git-repos/GRADING/lina/FUZZ/semantics/builtins.js">
          <metrics statements="6" coveredstatements="6" conditionals="0" coveredconditionals="0" methods="0" coveredmethods="0"/>
          <line num="1" count="2" type="stmt"/>
          <line num="3" count="2" type="stmt"/>
          <line num="4" count="2" type="stmt"/>
          <line num="5" count="2" type="stmt"/>
          <line num="7" count="2" type="stmt"/>
          <line num="13" count="2" type="stmt"/>
        </file>
        <file name="check.js" path="/Users/ray/git-repos/GRADING/lina/FUZZ/semantics/check.js">
          <metrics statements="21" coveredstatements="4" conditionals="8" coveredconditionals="0" methods="2" coveredmethods="0"/>
          <line num="1" count="2" type="stmt"/>
          <line num="2" count="2" type="stmt"/>
          <line num="3" count="2" type="stmt"/>
          <line num="6" count="0" type="cond" truecount="0" falsecount="2"/>
          <line num="7" count="0" type="stmt"/>
          <line num="10" count="2" type="stmt"/>
          <line num="13" count="0" type="stmt"/>
          <line num="17" count="0" type="stmt"/>
          <line num="22" count="0" type="stmt"/>
          <line num="26" count="0" type="stmt"/>
          <line num="30" count="0" type="stmt"/>
          <line num="34" count="0" type="stmt"/>
          <line num="38" count="0" type="stmt"/>
          <line num="42" count="0" type="stmt"/>
          <line num="49" count="0" type="stmt"/>
          <line num="54" count="0" type="stmt"/>
          <line num="59" count="0" type="stmt"/>
          <line num="66" count="0" type="stmt"/>
          <line num="73" count="0" type="stmt"/>
          <line num="78" count="0" type="stmt"/>
          <line num="80" count="0" type="stmt"/>
        </file>
        <file name="context.js" path="/Users/ray/git-repos/GRADING/lina/FUZZ/semantics/context.js">
          <metrics statements="26" coveredstatements="9" conditionals="12" coveredconditionals="4" methods="9" coveredmethods="2"/>
          <line num="9" count="2" type="stmt"/>
          <line num="11" count="2" type="stmt"/>
          <line num="37" count="2" type="stmt"/>
          <line num="48" count="0" type="stmt"/>
          <line num="53" count="0" type="stmt"/>
          <line num="58" count="0" type="stmt"/>
          <line num="67" count="0" type="cond" truecount="0" falsecount="2"/>
          <line num="68" count="0" type="stmt"/>
          <line num="70" count="0" type="stmt"/>
          <line num="74" count="0" type="cond" truecount="0" falsecount="2"/>
          <line num="75" count="0" type="stmt"/>
          <line num="77" count="0" type="stmt"/>
          <line num="83" count="0" type="stmt"/>
          <line num="84" count="0" type="cond" truecount="0" falsecount="2"/>
          <line num="85" count="0" type="stmt"/>
          <line num="88" count="0" type="stmt"/>
          <line num="95" count="0" type="stmt"/>
          <line num="96" count="0" type="cond" truecount="0" falsecount="2"/>
          <line num="97" count="0" type="stmt"/>
          <line num="100" count="0" type="stmt"/>
          <line num="104" count="2" type="stmt"/>
          <line num="105" count="6" type="stmt"/>
          <line num="106" count="2" type="stmt"/>
          <line num="107" count="2" type="stmt"/>
          <line num="108" count="2" type="stmt"/>
          <line num="110" count="2" type="stmt"/>
        </file>
      </package>
    </metrics>
  </project>
</coverage>
