{"/Users/ray/git-repos/GRADING/lina/FUZZ/Syntax/parser.js": {"path":"/Users/ray/git-repos/GRADING/lina/FUZZ/Syntax/parser.js","statementMap":{"0":{"start":{"line":1,"column":11},"end":{"line":1,"column":24}},"1":{"start":{"line":2,"column":12},"end":{"line":2,"column":29}},"2":{"start":{"line":8,"column":4},"end":{"line":8,"column":21}},"3":{"start":{"line":10,"column":16},"end":{"line":10,"column":63}},"4":{"start":{"line":14,"column":2},"end":{"line":14,"column":38}},"5":{"start":{"line":18,"column":21},"end":{"line":119,"column":2}},"6":{"start":{"line":21,"column":4},"end":{"line":21,"column":34}},"7":{"start":{"line":24,"column":4},"end":{"line":24,"column":36}},"8":{"start":{"line":29,"column":4},"end":{"line":29,"column":55}},"9":{"start":{"line":32,"column":4},"end":{"line":32,"column":110}},"10":{"start":{"line":35,"column":4},"end":{"line":35,"column":48}},"11":{"start":{"line":38,"column":4},"end":{"line":38,"column":63}},"12":{"start":{"line":41,"column":4},"end":{"line":41,"column":23}},"13":{"start":{"line":44,"column":4},"end":{"line":44,"column":32}},"14":{"start":{"line":47,"column":4},"end":{"line":47,"column":88}},"15":{"start":{"line":50,"column":4},"end":{"line":50,"column":45}},"16":{"start":{"line":53,"column":4},"end":{"line":53,"column":45}},"17":{"start":{"line":56,"column":4},"end":{"line":56,"column":67}},"18":{"start":{"line":59,"column":4},"end":{"line":59,"column":67}},"19":{"start":{"line":62,"column":4},"end":{"line":62,"column":67}},"20":{"start":{"line":65,"column":4},"end":{"line":65,"column":50}},"21":{"start":{"line":68,"column":4},"end":{"line":68,"column":33}},"22":{"start":{"line":71,"column":4},"end":{"line":71,"column":31}},"23":{"start":{"line":74,"column":4},"end":{"line":74,"column":60}},"24":{"start":{"line":77,"column":4},"end":{"line":77,"column":49}},"25":{"start":{"line":80,"column":4},"end":{"line":80,"column":35}},"26":{"start":{"line":83,"column":4},"end":{"line":83,"column":37}},"27":{"start":{"line":86,"column":4},"end":{"line":86,"column":37}},"28":{"start":{"line":89,"column":4},"end":{"line":89,"column":36}},"29":{"start":{"line":92,"column":4},"end":{"line":92,"column":46}},"30":{"start":{"line":95,"column":4},"end":{"line":95,"column":49}},"31":{"start":{"line":98,"column":4},"end":{"line":98,"column":40}},"32":{"start":{"line":101,"column":4},"end":{"line":101,"column":14}},"33":{"start":{"line":104,"column":4},"end":{"line":104,"column":43}},"34":{"start":{"line":107,"column":4},"end":{"line":107,"column":55}},"35":{"start":{"line":111,"column":4},"end":{"line":111,"column":42}},"36":{"start":{"line":114,"column":4},"end":{"line":114,"column":29}},"37":{"start":{"line":117,"column":4},"end":{"line":117,"column":29}},"38":{"start":{"line":122,"column":0},"end":{"line":128,"column":2}},"39":{"start":{"line":123,"column":16},"end":{"line":123,"column":35}},"40":{"start":{"line":124,"column":2},"end":{"line":126,"column":3}},"41":{"start":{"line":125,"column":4},"end":{"line":125,"column":54}},"42":{"start":{"line":127,"column":2},"end":{"line":127,"column":35}}},"fnMap":{"0":{"name":"arrayToNullable","decl":{"start":{"line":13,"column":9},"end":{"line":13,"column":24}},"loc":{"start":{"line":13,"column":28},"end":{"line":15,"column":1}},"line":13},"1":{"name":"(anonymous_1)","decl":{"start":{"line":122,"column":17},"end":{"line":122,"column":18}},"loc":{"start":{"line":122,"column":27},"end":{"line":128,"column":1}},"line":122}},"branchMap":{"0":{"loc":{"start":{"line":14,"column":9},"end":{"line":14,"column":37}},"type":"cond-expr","locations":[{"start":{"line":14,"column":26},"end":{"line":14,"column":30}},{"start":{"line":14,"column":33},"end":{"line":14,"column":37}}],"line":14},"1":{"loc":{"start":{"line":124,"column":2},"end":{"line":126,"column":3}},"type":"if","locations":[{"start":{"line":124,"column":2},"end":{"line":126,"column":3}},{"start":{"line":124,"column":2},"end":{"line":126,"column":3}}],"line":124}},"s":{"0":2,"1":2,"2":2,"3":2,"4":8,"5":2,"6":22,"7":26,"8":23,"9":2,"10":1,"11":1,"12":0,"13":23,"14":2,"15":0,"16":8,"17":4,"18":2,"19":3,"20":0,"21":4,"22":10,"23":2,"24":1,"25":3,"26":4,"27":3,"28":4,"29":0,"30":4,"31":7,"32":2,"33":30,"34":20,"35":5,"36":44,"37":32,"38":2,"39":22,"40":22,"41":0,"42":22},"f":{"0":8,"1":22},"b":{"0":[3,5],"1":[0,22]},"_coverageSchema":"332fd63041d2c1bcb487cc26dd0d5f7d97098a6c","hash":"09f6dd9576c297f85209bfe2d268f621bf56125c"}
,"/Users/ray/git-repos/GRADING/lina/FUZZ/Syntax/syntax_checker.js": {"path":"/Users/ray/git-repos/GRADING/lina/FUZZ/Syntax/syntax_checker.js","statementMap":{"0":{"start":{"line":1,"column":11},"end":{"line":1,"column":24}},"1":{"start":{"line":2,"column":12},"end":{"line":2,"column":29}},"2":{"start":{"line":4,"column":16},"end":{"line":4,"column":63}},"3":{"start":{"line":6,"column":0},"end":{"line":6,"column":57}},"4":{"start":{"line":6,"column":25},"end":{"line":6,"column":56}}},"fnMap":{"0":{"name":"(anonymous_0)","decl":{"start":{"line":6,"column":17},"end":{"line":6,"column":18}},"loc":{"start":{"line":6,"column":25},"end":{"line":6,"column":56}},"line":6}},"branchMap":{},"s":{"0":2,"1":2,"2":2,"3":2,"4":13},"f":{"0":13},"b":{},"_coverageSchema":"332fd63041d2c1bcb487cc26dd0d5f7d97098a6c","hash":"681e3311e57e38f0094de25e16e2c0c8a62327a1"}
,"/Users/ray/git-repos/GRADING/lina/FUZZ/ast/index.js": {"path":"/Users/ray/git-repos/GRADING/lina/FUZZ/ast/index.js","statementMap":{"0":{"start":{"line":3,"column":4},"end":{"line":3,"column":40}},"1":{"start":{"line":9,"column":4},"end":{"line":9,"column":40}},"2":{"start":{"line":15,"column":8},"end":{"line":15,"column":48}},"3":{"start":{"line":21,"column":6},"end":{"line":21,"column":39}},"4":{"start":{"line":27,"column":4},"end":{"line":27,"column":45}},"5":{"start":{"line":33,"column":4},"end":{"line":33,"column":42}},"6":{"start":{"line":39,"column":4},"end":{"line":41,"column":5}},"7":{"start":{"line":40,"column":8},"end":{"line":40,"column":66}},"8":{"start":{"line":47,"column":4},"end":{"line":47,"column":44}},"9":{"start":{"line":53,"column":4},"end":{"line":53,"column":36}},"10":{"start":{"line":59,"column":4},"end":{"line":59,"column":38}},"11":{"start":{"line":65,"column":4},"end":{"line":65,"column":58}},"12":{"start":{"line":71,"column":4},"end":{"line":71,"column":33}},"13":{"start":{"line":77,"column":4},"end":{"line":77,"column":57}},"14":{"start":{"line":83,"column":4},"end":{"line":83,"column":35}},"15":{"start":{"line":89,"column":4},"end":{"line":89,"column":40}},"16":{"start":{"line":95,"column":4},"end":{"line":95,"column":37}},"17":{"start":{"line":101,"column":4},"end":{"line":101,"column":38}},"18":{"start":{"line":107,"column":4},"end":{"line":107,"column":31}},"19":{"start":{"line":113,"column":4},"end":{"line":113,"column":34}},"20":{"start":{"line":119,"column":4},"end":{"line":119,"column":32}},"21":{"start":{"line":125,"column":4},"end":{"line":125,"column":35}},"22":{"start":{"line":131,"column":4},"end":{"line":131,"column":46}},"23":{"start":{"line":137,"column":4},"end":{"line":137,"column":38}},"24":{"start":{"line":143,"column":4},"end":{"line":143,"column":44}},"25":{"start":{"line":149,"column":4},"end":{"line":149,"column":40}},"26":{"start":{"line":153,"column":0},"end":{"line":157,"column":2}}},"fnMap":{"0":{"name":"(anonymous_0)","decl":{"start":{"line":2,"column":2},"end":{"line":2,"column":3}},"loc":{"start":{"line":2,"column":26},"end":{"line":4,"column":3}},"line":2},"1":{"name":"(anonymous_1)","decl":{"start":{"line":8,"column":2},"end":{"line":8,"column":3}},"loc":{"start":{"line":8,"column":26},"end":{"line":10,"column":3}},"line":8},"2":{"name":"(anonymous_2)","decl":{"start":{"line":14,"column":4},"end":{"line":14,"column":5}},"loc":{"start":{"line":14,"column":32},"end":{"line":16,"column":5}},"line":14},"3":{"name":"(anonymous_3)","decl":{"start":{"line":20,"column":2},"end":{"line":20,"column":3}},"loc":{"start":{"line":20,"column":25},"end":{"line":22,"column":3}},"line":20},"4":{"name":"(anonymous_4)","decl":{"start":{"line":26,"column":2},"end":{"line":26,"column":3}},"loc":{"start":{"line":26,"column":31},"end":{"line":28,"column":3}},"line":26},"5":{"name":"(anonymous_5)","decl":{"start":{"line":32,"column":2},"end":{"line":32,"column":3}},"loc":{"start":{"line":32,"column":28},"end":{"line":34,"column":3}},"line":32},"6":{"name":"(anonymous_6)","decl":{"start":{"line":38,"column":2},"end":{"line":38,"column":3}},"loc":{"start":{"line":38,"column":19},"end":{"line":42,"column":3}},"line":38},"7":{"name":"(anonymous_7)","decl":{"start":{"line":46,"column":2},"end":{"line":46,"column":3}},"loc":{"start":{"line":46,"column":30},"end":{"line":48,"column":3}},"line":46},"8":{"name":"(anonymous_8)","decl":{"start":{"line":52,"column":2},"end":{"line":52,"column":3}},"loc":{"start":{"line":52,"column":22},"end":{"line":54,"column":3}},"line":52},"9":{"name":"(anonymous_9)","decl":{"start":{"line":58,"column":2},"end":{"line":58,"column":3}},"loc":{"start":{"line":58,"column":24},"end":{"line":60,"column":3}},"line":58},"10":{"name":"(anonymous_10)","decl":{"start":{"line":64,"column":2},"end":{"line":64,"column":3}},"loc":{"start":{"line":64,"column":44},"end":{"line":66,"column":3}},"line":64},"11":{"name":"(anonymous_11)","decl":{"start":{"line":70,"column":2},"end":{"line":70,"column":3}},"loc":{"start":{"line":70,"column":19},"end":{"line":72,"column":3}},"line":70},"12":{"name":"(anonymous_12)","decl":{"start":{"line":76,"column":2},"end":{"line":76,"column":3}},"loc":{"start":{"line":76,"column":43},"end":{"line":78,"column":3}},"line":76},"13":{"name":"(anonymous_13)","decl":{"start":{"line":82,"column":2},"end":{"line":82,"column":3}},"loc":{"start":{"line":82,"column":21},"end":{"line":84,"column":3}},"line":82},"14":{"name":"(anonymous_14)","decl":{"start":{"line":88,"column":2},"end":{"line":88,"column":3}},"loc":{"start":{"line":88,"column":26},"end":{"line":90,"column":3}},"line":88},"15":{"name":"(anonymous_15)","decl":{"start":{"line":94,"column":2},"end":{"line":94,"column":3}},"loc":{"start":{"line":94,"column":23},"end":{"line":96,"column":3}},"line":94},"16":{"name":"(anonymous_16)","decl":{"start":{"line":100,"column":2},"end":{"line":100,"column":3}},"loc":{"start":{"line":100,"column":24},"end":{"line":102,"column":3}},"line":100},"17":{"name":"(anonymous_17)","decl":{"start":{"line":106,"column":2},"end":{"line":106,"column":3}},"loc":{"start":{"line":106,"column":27},"end":{"line":108,"column":3}},"line":106},"18":{"name":"(anonymous_18)","decl":{"start":{"line":112,"column":2},"end":{"line":112,"column":3}},"loc":{"start":{"line":112,"column":20},"end":{"line":114,"column":3}},"line":112},"19":{"name":"(anonymous_19)","decl":{"start":{"line":118,"column":2},"end":{"line":118,"column":3}},"loc":{"start":{"line":118,"column":20},"end":{"line":120,"column":3}},"line":118},"20":{"name":"(anonymous_20)","decl":{"start":{"line":124,"column":2},"end":{"line":124,"column":3}},"loc":{"start":{"line":124,"column":27},"end":{"line":126,"column":3}},"line":124},"21":{"name":"(anonymous_21)","decl":{"start":{"line":130,"column":2},"end":{"line":130,"column":3}},"loc":{"start":{"line":130,"column":32},"end":{"line":132,"column":3}},"line":130},"22":{"name":"(anonymous_22)","decl":{"start":{"line":136,"column":2},"end":{"line":136,"column":3}},"loc":{"start":{"line":136,"column":24},"end":{"line":138,"column":3}},"line":136},"23":{"name":"(anonymous_23)","decl":{"start":{"line":142,"column":2},"end":{"line":142,"column":3}},"loc":{"start":{"line":142,"column":30},"end":{"line":144,"column":3}},"line":142},"24":{"name":"(anonymous_24)","decl":{"start":{"line":148,"column":2},"end":{"line":148,"column":3}},"loc":{"start":{"line":148,"column":26},"end":{"line":150,"column":3}},"line":148}},"branchMap":{"0":{"loc":{"start":{"line":39,"column":4},"end":{"line":41,"column":5}},"type":"if","locations":[{"start":{"line":39,"column":4},"end":{"line":41,"column":5}},{"start":{"line":39,"column":4},"end":{"line":41,"column":5}}],"line":39}},"s":{"0":3,"1":3,"2":1,"3":24,"4":9,"5":0,"6":0,"7":0,"8":4,"9":4,"10":8,"11":7,"12":10,"13":2,"14":55,"15":1,"16":0,"17":8,"18":3,"19":0,"20":21,"21":4,"22":2,"23":29,"24":23,"25":0,"26":2},"f":{"0":3,"1":3,"2":1,"3":24,"4":9,"5":0,"6":0,"7":4,"8":4,"9":8,"10":7,"11":10,"12":2,"13":55,"14":1,"15":0,"16":8,"17":3,"18":0,"19":21,"20":4,"21":2,"22":29,"23":23,"24":0},"b":{"0":[0,0]},"_coverageSchema":"332fd63041d2c1bcb487cc26dd0d5f7d97098a6c","hash":"c284cdd9cc4b7f4a28cd12d8aca4e5402be5e664"}
,"/Users/ray/git-repos/GRADING/lina/FUZZ/semantics/analyzer.js": {"path":"/Users/ray/git-repos/GRADING/lina/FUZZ/semantics/analyzer.js","statementMap":{"0":{"start":{"line":5,"column":4},"end":{"line":5,"column":21}},"1":{"start":{"line":7,"column":42},"end":{"line":7,"column":63}},"2":{"start":{"line":9,"column":14},"end":{"line":9,"column":32}},"3":{"start":{"line":11,"column":0},"end":{"line":19,"column":2}},"4":{"start":{"line":12,"column":2},"end":{"line":12,"column":44}},"5":{"start":{"line":13,"column":2},"end":{"line":13,"column":31}},"6":{"start":{"line":14,"column":2},"end":{"line":14,"column":29}},"7":{"start":{"line":15,"column":2},"end":{"line":15,"column":29}},"8":{"start":{"line":16,"column":2},"end":{"line":16,"column":29}},"9":{"start":{"line":17,"column":2},"end":{"line":17,"column":29}},"10":{"start":{"line":18,"column":2},"end":{"line":18,"column":56}},"11":{"start":{"line":21,"column":0},"end":{"line":26,"column":2}},"12":{"start":{"line":22,"column":2},"end":{"line":22,"column":31}},"13":{"start":{"line":23,"column":2},"end":{"line":23,"column":31}},"14":{"start":{"line":24,"column":2},"end":{"line":24,"column":54}},"15":{"start":{"line":25,"column":2},"end":{"line":25,"column":35}},"16":{"start":{"line":28,"column":0},"end":{"line":45,"column":2}},"17":{"start":{"line":29,"column":2},"end":{"line":29,"column":29}},"18":{"start":{"line":30,"column":2},"end":{"line":30,"column":30}},"19":{"start":{"line":31,"column":2},"end":{"line":43,"column":3}},"20":{"start":{"line":32,"column":4},"end":{"line":32,"column":31}},"21":{"start":{"line":33,"column":4},"end":{"line":33,"column":32}},"22":{"start":{"line":34,"column":9},"end":{"line":43,"column":3}},"23":{"start":{"line":35,"column":4},"end":{"line":35,"column":31}},"24":{"start":{"line":36,"column":4},"end":{"line":36,"column":32}},"25":{"start":{"line":37,"column":9},"end":{"line":43,"column":3}},"26":{"start":{"line":38,"column":4},"end":{"line":38,"column":60}},"27":{"start":{"line":39,"column":4},"end":{"line":39,"column":31}},"28":{"start":{"line":40,"column":4},"end":{"line":40,"column":32}},"29":{"start":{"line":42,"column":4},"end":{"line":42,"column":60}},"30":{"start":{"line":44,"column":2},"end":{"line":44,"column":22}},"31":{"start":{"line":48,"column":0},"end":{"line":54,"column":2}},"32":{"start":{"line":49,"column":2},"end":{"line":49,"column":49}},"33":{"start":{"line":50,"column":2},"end":{"line":50,"column":66}},"34":{"start":{"line":51,"column":2},"end":{"line":51,"column":49}},"35":{"start":{"line":51,"column":27},"end":{"line":51,"column":47}},"36":{"start":{"line":52,"column":2},"end":{"line":52,"column":54}},"37":{"start":{"line":53,"column":2},"end":{"line":53,"column":37}},"38":{"start":{"line":56,"column":0},"end":{"line":58,"column":2}},"39":{"start":{"line":57,"column":2},"end":{"line":57,"column":24}},"40":{"start":{"line":60,"column":0},"end":{"line":62,"column":2}},"41":{"start":{"line":61,"column":2},"end":{"line":61,"column":44}},"42":{"start":{"line":69,"column":0},"end":{"line":73,"column":2}},"43":{"start":{"line":70,"column":2},"end":{"line":70,"column":65}},"44":{"start":{"line":71,"column":2},"end":{"line":71,"column":56}},"45":{"start":{"line":71,"column":27},"end":{"line":71,"column":54}},"46":{"start":{"line":72,"column":2},"end":{"line":72,"column":56}},"47":{"start":{"line":75,"column":0},"end":{"line":78,"column":2}},"48":{"start":{"line":76,"column":2},"end":{"line":76,"column":38}},"49":{"start":{"line":77,"column":2},"end":{"line":77,"column":87}},"50":{"start":{"line":80,"column":0},"end":{"line":83,"column":2}},"51":{"start":{"line":81,"column":2},"end":{"line":81,"column":43}},"52":{"start":{"line":82,"column":2},"end":{"line":82,"column":28}},"53":{"start":{"line":85,"column":0},"end":{"line":97,"column":2}},"54":{"start":{"line":86,"column":2},"end":{"line":86,"column":29}},"55":{"start":{"line":87,"column":2},"end":{"line":87,"column":44}},"56":{"start":{"line":88,"column":2},"end":{"line":88,"column":35}},"57":{"start":{"line":89,"column":2},"end":{"line":91,"column":3}},"58":{"start":{"line":90,"column":4},"end":{"line":90,"column":36}},"59":{"start":{"line":92,"column":2},"end":{"line":92,"column":44}},"60":{"start":{"line":93,"column":2},"end":{"line":93,"column":35}},"61":{"start":{"line":94,"column":2},"end":{"line":96,"column":3}},"62":{"start":{"line":95,"column":4},"end":{"line":95,"column":36}},"63":{"start":{"line":99,"column":0},"end":{"line":107,"column":2}},"64":{"start":{"line":100,"column":2},"end":{"line":106,"column":3}},"65":{"start":{"line":101,"column":4},"end":{"line":101,"column":24}},"66":{"start":{"line":102,"column":9},"end":{"line":106,"column":3}},"67":{"start":{"line":103,"column":4},"end":{"line":103,"column":27}},"68":{"start":{"line":104,"column":9},"end":{"line":106,"column":3}},"69":{"start":{"line":105,"column":4},"end":{"line":105,"column":25}},"70":{"start":{"line":109,"column":0},"end":{"line":114,"column":2}},"71":{"start":{"line":110,"column":2},"end":{"line":110,"column":31}},"72":{"start":{"line":111,"column":2},"end":{"line":111,"column":30}},"73":{"start":{"line":112,"column":16},"end":{"line":112,"column":55}},"74":{"start":{"line":113,"column":2},"end":{"line":113,"column":25}},"75":{"start":{"line":116,"column":0},"end":{"line":122,"column":2}},"76":{"start":{"line":117,"column":2},"end":{"line":117,"column":32}},"77":{"start":{"line":118,"column":2},"end":{"line":118,"column":55}},"78":{"start":{"line":119,"column":2},"end":{"line":119,"column":22}},"79":{"start":{"line":120,"column":2},"end":{"line":120,"column":55}},"80":{"start":{"line":121,"column":2},"end":{"line":121,"column":23}},"81":{"start":{"line":124,"column":0},"end":{"line":127,"column":2}},"82":{"start":{"line":125,"column":2},"end":{"line":125,"column":44}},"83":{"start":{"line":126,"column":2},"end":{"line":126,"column":20}},"84":{"start":{"line":129,"column":0},"end":{"line":137,"column":2}},"85":{"start":{"line":130,"column":2},"end":{"line":130,"column":44}},"86":{"start":{"line":131,"column":2},"end":{"line":131,"column":30}},"87":{"start":{"line":132,"column":2},"end":{"line":136,"column":5}},"88":{"start":{"line":133,"column":18},"end":{"line":133,"column":53}},"89":{"start":{"line":134,"column":4},"end":{"line":134,"column":29}},"90":{"start":{"line":135,"column":4},"end":{"line":135,"column":52}},"91":{"start":{"line":139,"column":0},"end":{"line":149,"column":2}},"92":{"start":{"line":140,"column":2},"end":{"line":140,"column":30}},"93":{"start":{"line":141,"column":2},"end":{"line":141,"column":28}},"94":{"start":{"line":142,"column":2},"end":{"line":142,"column":34}},"95":{"start":{"line":143,"column":2},"end":{"line":143,"column":34}},"96":{"start":{"line":144,"column":2},"end":{"line":144,"column":41}},"97":{"start":{"line":145,"column":2},"end":{"line":145,"column":33}},"98":{"start":{"line":146,"column":2},"end":{"line":146,"column":41}},"99":{"start":{"line":147,"column":2},"end":{"line":147,"column":34}},"100":{"start":{"line":148,"column":2},"end":{"line":148,"column":41}},"101":{"start":{"line":151,"column":0},"end":{"line":153,"column":2}},"102":{"start":{"line":152,"column":2},"end":{"line":152,"column":29}},"103":{"start":{"line":155,"column":0},"end":{"line":165,"column":2}},"104":{"start":{"line":156,"column":2},"end":{"line":156,"column":29}},"105":{"start":{"line":157,"column":2},"end":{"line":163,"column":3}},"106":{"start":{"line":158,"column":4},"end":{"line":158,"column":46}},"107":{"start":{"line":159,"column":4},"end":{"line":159,"column":47}},"108":{"start":{"line":162,"column":4},"end":{"line":162,"column":31}},"109":{"start":{"line":164,"column":2},"end":{"line":164,"column":20}},"110":{"start":{"line":167,"column":0},"end":{"line":174,"column":2}},"111":{"start":{"line":168,"column":2},"end":{"line":168,"column":29}},"112":{"start":{"line":169,"column":2},"end":{"line":169,"column":46}},"113":{"start":{"line":170,"column":2},"end":{"line":170,"column":57}},"114":{"start":{"line":171,"column":2},"end":{"line":171,"column":46}},"115":{"start":{"line":172,"column":2},"end":{"line":172,"column":57}}},"fnMap":{"0":{"name":"(anonymous_0)","decl":{"start":{"line":11,"column":29},"end":{"line":11,"column":30}},"loc":{"start":{"line":11,"column":48},"end":{"line":19,"column":1}},"line":11},"1":{"name":"(anonymous_1)","decl":{"start":{"line":21,"column":40},"end":{"line":21,"column":41}},"loc":{"start":{"line":21,"column":59},"end":{"line":26,"column":1}},"line":21},"2":{"name":"(anonymous_2)","decl":{"start":{"line":28,"column":37},"end":{"line":28,"column":38}},"loc":{"start":{"line":28,"column":56},"end":{"line":45,"column":1}},"line":28},"3":{"name":"(anonymous_3)","decl":{"start":{"line":48,"column":25},"end":{"line":48,"column":26}},"loc":{"start":{"line":48,"column":44},"end":{"line":54,"column":1}},"line":48},"4":{"name":"(anonymous_4)","decl":{"start":{"line":51,"column":20},"end":{"line":51,"column":21}},"loc":{"start":{"line":51,"column":27},"end":{"line":51,"column":47}},"line":51},"5":{"name":"(anonymous_5)","decl":{"start":{"line":56,"column":26},"end":{"line":56,"column":27}},"loc":{"start":{"line":56,"column":45},"end":{"line":58,"column":1}},"line":56},"6":{"name":"(anonymous_6)","decl":{"start":{"line":60,"column":26},"end":{"line":60,"column":27}},"loc":{"start":{"line":60,"column":45},"end":{"line":62,"column":1}},"line":60},"7":{"name":"(anonymous_7)","decl":{"start":{"line":69,"column":34},"end":{"line":69,"column":35}},"loc":{"start":{"line":69,"column":53},"end":{"line":73,"column":1}},"line":69},"8":{"name":"(anonymous_8)","decl":{"start":{"line":71,"column":22},"end":{"line":71,"column":23}},"loc":{"start":{"line":71,"column":27},"end":{"line":71,"column":54}},"line":71},"9":{"name":"(anonymous_9)","decl":{"start":{"line":75,"column":25},"end":{"line":75,"column":26}},"loc":{"start":{"line":75,"column":37},"end":{"line":78,"column":1}},"line":75},"10":{"name":"(anonymous_10)","decl":{"start":{"line":80,"column":26},"end":{"line":80,"column":27}},"loc":{"start":{"line":80,"column":45},"end":{"line":83,"column":1}},"line":80},"11":{"name":"(anonymous_11)","decl":{"start":{"line":85,"column":27},"end":{"line":85,"column":28}},"loc":{"start":{"line":85,"column":46},"end":{"line":97,"column":1}},"line":85},"12":{"name":"(anonymous_12)","decl":{"start":{"line":99,"column":28},"end":{"line":99,"column":29}},"loc":{"start":{"line":99,"column":40},"end":{"line":107,"column":1}},"line":99},"13":{"name":"(anonymous_13)","decl":{"start":{"line":109,"column":30},"end":{"line":109,"column":31}},"loc":{"start":{"line":109,"column":49},"end":{"line":114,"column":1}},"line":109},"14":{"name":"(anonymous_14)","decl":{"start":{"line":116,"column":32},"end":{"line":116,"column":33}},"loc":{"start":{"line":116,"column":51},"end":{"line":122,"column":1}},"line":116},"15":{"name":"(anonymous_15)","decl":{"start":{"line":124,"column":26},"end":{"line":124,"column":27}},"loc":{"start":{"line":124,"column":45},"end":{"line":127,"column":1}},"line":124},"16":{"name":"(anonymous_16)","decl":{"start":{"line":129,"column":28},"end":{"line":129,"column":29}},"loc":{"start":{"line":129,"column":47},"end":{"line":137,"column":1}},"line":129},"17":{"name":"(anonymous_17)","decl":{"start":{"line":132,"column":24},"end":{"line":132,"column":25}},"loc":{"start":{"line":132,"column":37},"end":{"line":136,"column":3}},"line":132},"18":{"name":"(anonymous_18)","decl":{"start":{"line":139,"column":35},"end":{"line":139,"column":36}},"loc":{"start":{"line":139,"column":54},"end":{"line":149,"column":1}},"line":139},"19":{"name":"(anonymous_19)","decl":{"start":{"line":151,"column":25},"end":{"line":151,"column":26}},"loc":{"start":{"line":151,"column":44},"end":{"line":153,"column":1}},"line":151},"20":{"name":"(anonymous_20)","decl":{"start":{"line":155,"column":27},"end":{"line":155,"column":28}},"loc":{"start":{"line":155,"column":46},"end":{"line":165,"column":1}},"line":155},"21":{"name":"(anonymous_21)","decl":{"start":{"line":167,"column":29},"end":{"line":167,"column":30}},"loc":{"start":{"line":167,"column":48},"end":{"line":174,"column":1}},"line":167}},"branchMap":{"0":{"loc":{"start":{"line":31,"column":2},"end":{"line":43,"column":3}},"type":"if","locations":[{"start":{"line":31,"column":2},"end":{"line":43,"column":3}},{"start":{"line":31,"column":2},"end":{"line":43,"column":3}}],"line":31},"1":{"loc":{"start":{"line":34,"column":9},"end":{"line":43,"column":3}},"type":"if","locations":[{"start":{"line":34,"column":9},"end":{"line":43,"column":3}},{"start":{"line":34,"column":9},"end":{"line":43,"column":3}}],"line":34},"2":{"loc":{"start":{"line":37,"column":9},"end":{"line":43,"column":3}},"type":"if","locations":[{"start":{"line":37,"column":9},"end":{"line":43,"column":3}},{"start":{"line":37,"column":9},"end":{"line":43,"column":3}}],"line":37},"3":{"loc":{"start":{"line":89,"column":2},"end":{"line":91,"column":3}},"type":"if","locations":[{"start":{"line":89,"column":2},"end":{"line":91,"column":3}},{"start":{"line":89,"column":2},"end":{"line":91,"column":3}}],"line":89},"4":{"loc":{"start":{"line":94,"column":2},"end":{"line":96,"column":3}},"type":"if","locations":[{"start":{"line":94,"column":2},"end":{"line":96,"column":3}},{"start":{"line":94,"column":2},"end":{"line":96,"column":3}}],"line":94},"5":{"loc":{"start":{"line":100,"column":2},"end":{"line":106,"column":3}},"type":"if","locations":[{"start":{"line":100,"column":2},"end":{"line":106,"column":3}},{"start":{"line":100,"column":2},"end":{"line":106,"column":3}}],"line":100},"6":{"loc":{"start":{"line":102,"column":9},"end":{"line":106,"column":3}},"type":"if","locations":[{"start":{"line":102,"column":9},"end":{"line":106,"column":3}},{"start":{"line":102,"column":9},"end":{"line":106,"column":3}}],"line":102},"7":{"loc":{"start":{"line":104,"column":9},"end":{"line":106,"column":3}},"type":"if","locations":[{"start":{"line":104,"column":9},"end":{"line":106,"column":3}},{"start":{"line":104,"column":9},"end":{"line":106,"column":3}}],"line":104},"8":{"loc":{"start":{"line":157,"column":2},"end":{"line":163,"column":3}},"type":"if","locations":[{"start":{"line":157,"column":2},"end":{"line":163,"column":3}},{"start":{"line":157,"column":2},"end":{"line":163,"column":3}}],"line":157}},"s":{"0":2,"1":2,"2":2,"3":2,"4":0,"5":0,"6":0,"7":0,"8":0,"9":0,"10":0,"11":2,"12":0,"13":0,"14":0,"15":0,"16":2,"17":0,"18":0,"19":0,"20":0,"21":0,"22":0,"23":0,"24":0,"25":0,"26":0,"27":0,"28":0,"29":0,"30":0,"31":2,"32":0,"33":0,"34":0,"35":0,"36":0,"37":0,"38":2,"39":0,"40":2,"41":0,"42":2,"43":0,"44":0,"45":0,"46":0,"47":2,"48":0,"49":0,"50":2,"51":0,"52":0,"53":2,"54":0,"55":0,"56":0,"57":0,"58":0,"59":0,"60":0,"61":0,"62":0,"63":2,"64":0,"65":0,"66":0,"67":0,"68":0,"69":0,"70":2,"71":0,"72":0,"73":0,"74":0,"75":2,"76":0,"77":0,"78":0,"79":0,"80":0,"81":2,"82":0,"83":0,"84":2,"85":0,"86":0,"87":0,"88":0,"89":0,"90":0,"91":2,"92":0,"93":0,"94":0,"95":0,"96":0,"97":0,"98":0,"99":0,"100":0,"101":2,"102":0,"103":2,"104":0,"105":0,"106":0,"107":0,"108":0,"109":0,"110":2,"111":0,"112":0,"113":0,"114":0,"115":0},"f":{"0":0,"1":0,"2":0,"3":0,"4":0,"5":0,"6":0,"7":0,"8":0,"9":0,"10":0,"11":0,"12":0,"13":0,"14":0,"15":0,"16":0,"17":0,"18":0,"19":0,"20":0,"21":0},"b":{"0":[0,0],"1":[0,0],"2":[0,0],"3":[0,0],"4":[0,0],"5":[0,0],"6":[0,0],"7":[0,0],"8":[0,0]},"_coverageSchema":"332fd63041d2c1bcb487cc26dd0d5f7d97098a6c","hash":"83b5212fa2f85fb9a248c7ed1273d8f706460abb"}
,"/Users/ray/git-repos/GRADING/lina/FUZZ/semantics/builtins.js": {"path":"/Users/ray/git-repos/GRADING/lina/FUZZ/semantics/builtins.js","statementMap":{"0":{"start":{"line":1,"column":30},"end":{"line":1,"column":47}},"1":{"start":{"line":3,"column":16},"end":{"line":3,"column":31}},"2":{"start":{"line":4,"column":19},"end":{"line":4,"column":37}},"3":{"start":{"line":5,"column":17},"end":{"line":5,"column":36}},"4":{"start":{"line":7,"column":26},"end":{"line":11,"column":1}},"5":{"start":{"line":13,"column":0},"end":{"line":13,"column":70}}},"fnMap":{},"branchMap":{},"s":{"0":2,"1":2,"2":2,"3":2,"4":2,"5":2},"f":{},"b":{},"_coverageSchema":"332fd63041d2c1bcb487cc26dd0d5f7d97098a6c","hash":"d1ac94a29c7e3b1edb82603134377b152cddc600"}
,"/Users/ray/git-repos/GRADING/lina/FUZZ/semantics/check.js": {"path":"/Users/ray/git-repos/GRADING/lina/FUZZ/semantics/check.js","statementMap":{"0":{"start":{"line":1,"column":13},"end":{"line":1,"column":28}},"1":{"start":{"line":2,"column":45},"end":{"line":2,"column":62}},"2":{"start":{"line":3,"column":42},"end":{"line":3,"column":63}},"3":{"start":{"line":6,"column":2},"end":{"line":8,"column":3}},"4":{"start":{"line":7,"column":4},"end":{"line":7,"column":29}},"5":{"start":{"line":10,"column":0},"end":{"line":83,"column":2}},"6":{"start":{"line":13,"column":4},"end":{"line":13,"column":65}},"7":{"start":{"line":17,"column":4},"end":{"line":17,"column":64}},"8":{"start":{"line":22,"column":4},"end":{"line":22,"column":71}},"9":{"start":{"line":26,"column":4},"end":{"line":26,"column":70}},"10":{"start":{"line":30,"column":4},"end":{"line":30,"column":59}},"11":{"start":{"line":34,"column":4},"end":{"line":34,"column":60}},"12":{"start":{"line":38,"column":4},"end":{"line":38,"column":59}},"13":{"start":{"line":42,"column":4},"end":{"line":45,"column":6}},"14":{"start":{"line":49,"column":4},"end":{"line":49,"column":58}},"15":{"start":{"line":54,"column":4},"end":{"line":54,"column":61}},"16":{"start":{"line":59,"column":4},"end":{"line":62,"column":6}},"17":{"start":{"line":66,"column":4},"end":{"line":69,"column":6}},"18":{"start":{"line":73,"column":4},"end":{"line":73,"column":71}},"19":{"start":{"line":78,"column":4},"end":{"line":79,"column":68}},"20":{"start":{"line":80,"column":4},"end":{"line":80,"column":71}},"21":{"start":{"line":80,"column":29},"end":{"line":80,"column":69}}},"fnMap":{"0":{"name":"doCheck","decl":{"start":{"line":5,"column":9},"end":{"line":5,"column":16}},"loc":{"start":{"line":5,"column":37},"end":{"line":9,"column":1}},"line":5},"1":{"name":"(anonymous_1)","decl":{"start":{"line":80,"column":17},"end":{"line":80,"column":18}},"loc":{"start":{"line":80,"column":29},"end":{"line":80,"column":69}},"line":80}},"branchMap":{"0":{"loc":{"start":{"line":6,"column":2},"end":{"line":8,"column":3}},"type":"if","locations":[{"start":{"line":6,"column":2},"end":{"line":8,"column":3}},{"start":{"line":6,"column":2},"end":{"line":8,"column":3}}],"line":6},"1":{"loc":{"start":{"line":43,"column":6},"end":{"line":43,"column":65}},"type":"binary-expr","locations":[{"start":{"line":43,"column":6},"end":{"line":43,"column":33}},{"start":{"line":43,"column":37},"end":{"line":43,"column":65}}],"line":43},"2":{"loc":{"start":{"line":60,"column":6},"end":{"line":60,"column":67}},"type":"binary-expr","locations":[{"start":{"line":60,"column":7},"end":{"line":60,"column":36}},{"start":{"line":60,"column":42},"end":{"line":60,"column":66}}],"line":60},"3":{"loc":{"start":{"line":67,"column":8},"end":{"line":67,"column":59}},"type":"binary-expr","locations":[{"start":{"line":67,"column":8},"end":{"line":67,"column":36}},{"start":{"line":67,"column":40},"end":{"line":67,"column":59}}],"line":67}},"s":{"0":2,"1":2,"2":2,"3":0,"4":0,"5":2,"6":0,"7":0,"8":0,"9":0,"10":0,"11":0,"12":0,"13":0,"14":0,"15":0,"16":0,"17":0,"18":0,"19":0,"20":0,"21":0},"f":{"0":0,"1":0},"b":{"0":[0,0],"1":[0,0],"2":[0,0],"3":[0,0]},"_coverageSchema":"332fd63041d2c1bcb487cc26dd0d5f7d97098a6c","hash":"e3b64b0d21a7675282c29def1689ac0ca198b485"}
,"/Users/ray/git-repos/GRADING/lina/FUZZ/semantics/context.js": {"path":"/Users/ray/git-repos/GRADING/lina/FUZZ/semantics/context.js","statementMap":{"0":{"start":{"line":9,"column":61},"end":{"line":9,"column":82}},"1":{"start":{"line":11,"column":0},"end":{"line":11,"column":22}},"2":{"start":{"line":37,"column":4},"end":{"line":43,"column":7}},"3":{"start":{"line":48,"column":4},"end":{"line":48,"column":73}},"4":{"start":{"line":53,"column":4},"end":{"line":53,"column":94}},"5":{"start":{"line":58,"column":4},"end":{"line":62,"column":7}},"6":{"start":{"line":67,"column":4},"end":{"line":69,"column":5}},"7":{"start":{"line":68,"column":6},"end":{"line":68,"column":69}},"8":{"start":{"line":70,"column":4},"end":{"line":70,"column":38}},"9":{"start":{"line":74,"column":4},"end":{"line":76,"column":5}},"10":{"start":{"line":75,"column":6},"end":{"line":75,"column":75}},"11":{"start":{"line":77,"column":4},"end":{"line":77,"column":44}},"12":{"start":{"line":83,"column":4},"end":{"line":87,"column":5}},"13":{"start":{"line":84,"column":6},"end":{"line":86,"column":7}},"14":{"start":{"line":85,"column":8},"end":{"line":85,"column":35}},"15":{"start":{"line":88,"column":4},"end":{"line":88,"column":56}},"16":{"start":{"line":95,"column":4},"end":{"line":99,"column":5}},"17":{"start":{"line":96,"column":6},"end":{"line":98,"column":7}},"18":{"start":{"line":97,"column":8},"end":{"line":97,"column":36}},"19":{"start":{"line":100,"column":4},"end":{"line":100,"column":51}},"20":{"start":{"line":104,"column":0},"end":{"line":104,"column":32}},"21":{"start":{"line":105,"column":0},"end":{"line":105,"column":74}},"22":{"start":{"line":105,"column":35},"end":{"line":105,"column":70}},"23":{"start":{"line":106,"column":0},"end":{"line":106,"column":38}},"24":{"start":{"line":107,"column":0},"end":{"line":107,"column":44}},"25":{"start":{"line":108,"column":0},"end":{"line":108,"column":43}},"26":{"start":{"line":110,"column":0},"end":{"line":110,"column":25}}},"fnMap":{"0":{"name":"(anonymous_0)","decl":{"start":{"line":36,"column":2},"end":{"line":36,"column":3}},"loc":{"start":{"line":36,"column":78},"end":{"line":44,"column":3}},"line":36},"1":{"name":"(anonymous_1)","decl":{"start":{"line":46,"column":2},"end":{"line":46,"column":3}},"loc":{"start":{"line":46,"column":53},"end":{"line":49,"column":3}},"line":46},"2":{"name":"(anonymous_2)","decl":{"start":{"line":51,"column":2},"end":{"line":51,"column":3}},"loc":{"start":{"line":51,"column":30},"end":{"line":54,"column":3}},"line":51},"3":{"name":"(anonymous_3)","decl":{"start":{"line":56,"column":2},"end":{"line":56,"column":3}},"loc":{"start":{"line":56,"column":31},"end":{"line":63,"column":3}},"line":56},"4":{"name":"(anonymous_4)","decl":{"start":{"line":66,"column":2},"end":{"line":66,"column":3}},"loc":{"start":{"line":66,"column":14},"end":{"line":71,"column":3}},"line":66},"5":{"name":"(anonymous_5)","decl":{"start":{"line":73,"column":2},"end":{"line":73,"column":3}},"loc":{"start":{"line":73,"column":19},"end":{"line":78,"column":3}},"line":73},"6":{"name":"(anonymous_6)","decl":{"start":{"line":82,"column":2},"end":{"line":82,"column":3}},"loc":{"start":{"line":82,"column":17},"end":{"line":89,"column":3}},"line":82},"7":{"name":"(anonymous_7)","decl":{"start":{"line":94,"column":2},"end":{"line":94,"column":3}},"loc":{"start":{"line":94,"column":18},"end":{"line":101,"column":3}},"line":94},"8":{"name":"(anonymous_8)","decl":{"start":{"line":105,"column":26},"end":{"line":105,"column":27}},"loc":{"start":{"line":105,"column":33},"end":{"line":105,"column":72}},"line":105}},"branchMap":{"0":{"loc":{"start":{"line":36,"column":14},"end":{"line":36,"column":76}},"type":"default-arg","locations":[{"start":{"line":36,"column":74},"end":{"line":36,"column":76}}],"line":36},"1":{"loc":{"start":{"line":36,"column":16},"end":{"line":36,"column":29}},"type":"default-arg","locations":[{"start":{"line":36,"column":25},"end":{"line":36,"column":29}}],"line":36},"2":{"loc":{"start":{"line":36,"column":31},"end":{"line":36,"column":53}},"type":"default-arg","locations":[{"start":{"line":36,"column":49},"end":{"line":36,"column":53}}],"line":36},"3":{"loc":{"start":{"line":36,"column":55},"end":{"line":36,"column":69}},"type":"default-arg","locations":[{"start":{"line":36,"column":64},"end":{"line":36,"column":69}}],"line":36},"4":{"loc":{"start":{"line":67,"column":4},"end":{"line":69,"column":5}},"type":"if","locations":[{"start":{"line":67,"column":4},"end":{"line":69,"column":5}},{"start":{"line":67,"column":4},"end":{"line":69,"column":5}}],"line":67},"5":{"loc":{"start":{"line":74,"column":4},"end":{"line":76,"column":5}},"type":"if","locations":[{"start":{"line":74,"column":4},"end":{"line":76,"column":5}},{"start":{"line":74,"column":4},"end":{"line":76,"column":5}}],"line":74},"6":{"loc":{"start":{"line":84,"column":6},"end":{"line":86,"column":7}},"type":"if","locations":[{"start":{"line":84,"column":6},"end":{"line":86,"column":7}},{"start":{"line":84,"column":6},"end":{"line":86,"column":7}}],"line":84},"7":{"loc":{"start":{"line":96,"column":6},"end":{"line":98,"column":7}},"type":"if","locations":[{"start":{"line":96,"column":6},"end":{"line":98,"column":7}},{"start":{"line":96,"column":6},"end":{"line":98,"column":7}}],"line":96}},"s":{"0":2,"1":2,"2":2,"3":0,"4":0,"5":0,"6":0,"7":0,"8":0,"9":0,"10":0,"11":0,"12":0,"13":0,"14":0,"15":0,"16":0,"17":0,"18":0,"19":0,"20":2,"21":2,"22":6,"23":2,"24":2,"25":2,"26":2},"f":{"0":2,"1":0,"2":0,"3":0,"4":0,"5":0,"6":0,"7":0,"8":6},"b":{"0":[2],"1":[2],"2":[2],"3":[2],"4":[0,0],"5":[0,0],"6":[0,0],"7":[0,0]},"_coverageSchema":"332fd63041d2c1bcb487cc26dd0d5f7d97098a6c","hash":"66b7c0476de19f0641a5e178836ff40c025a928f"}
}
