TN:
SF:/Users/ray/git-repos/GRADING/lina/FUZZ/Syntax/parser.js
FN:13,arrayToNullable
FN:122,(anonymous_1)
FNF:2
FNH:2
FNDA:8,arrayToNullable
FNDA:22,(anonymous_1)
DA:1,2
DA:2,2
DA:8,2
DA:10,2
DA:14,8
DA:18,2
DA:21,22
DA:24,26
DA:29,23
DA:32,2
DA:35,1
DA:38,1
DA:41,0
DA:44,23
DA:47,2
DA:50,0
DA:53,8
DA:56,4
DA:59,2
DA:62,3
DA:65,0
DA:68,4
DA:71,10
DA:74,2
DA:77,1
DA:80,3
DA:83,4
DA:86,3
DA:89,4
DA:92,0
DA:95,4
DA:98,7
DA:101,2
DA:104,30
DA:107,20
DA:111,5
DA:114,44
DA:117,32
DA:122,2
DA:123,22
DA:124,22
DA:125,0
DA:127,22
LF:43
LH:38
BRDA:14,0,0,3
BRDA:14,0,1,5
BRDA:124,1,0,0
BRDA:124,1,1,22
BRF:4
BRH:3
end_of_record
TN:
SF:/Users/ray/git-repos/GRADING/lina/FUZZ/Syntax/syntax_checker.js
FN:6,(anonymous_0)
FNF:1
FNH:1
FNDA:13,(anonymous_0)
DA:1,2
DA:2,2
DA:4,2
DA:6,13
LF:4
LH:4
BRF:0
BRH:0
end_of_record
TN:
SF:/Users/ray/git-repos/GRADING/lina/FUZZ/ast/index.js
FN:2,(anonymous_0)
FN:8,(anonymous_1)
FN:14,(anonymous_2)
FN:20,(anonymous_3)
FN:26,(anonymous_4)
FN:32,(anonymous_5)
FN:38,(anonymous_6)
FN:46,(anonymous_7)
FN:52,(anonymous_8)
FN:58,(anonymous_9)
FN:64,(anonymous_10)
FN:70,(anonymous_11)
FN:76,(anonymous_12)
FN:82,(anonymous_13)
FN:88,(anonymous_14)
FN:94,(anonymous_15)
FN:100,(anonymous_16)
FN:106,(anonymous_17)
FN:112,(anonymous_18)
FN:118,(anonymous_19)
FN:124,(anonymous_20)
FN:130,(anonymous_21)
FN:136,(anonymous_22)
FN:142,(anonymous_23)
FN:148,(anonymous_24)
FNF:25
FNH:20
FNDA:3,(anonymous_0)
FNDA:3,(anonymous_1)
FNDA:1,(anonymous_2)
FNDA:24,(anonymous_3)
FNDA:9,(anonymous_4)
FNDA:0,(anonymous_5)
FNDA:0,(anonymous_6)
FNDA:4,(anonymous_7)
FNDA:4,(anonymous_8)
FNDA:8,(anonymous_9)
FNDA:7,(anonymous_10)
FNDA:10,(anonymous_11)
FNDA:2,(anonymous_12)
FNDA:55,(anonymous_13)
FNDA:1,(anonymous_14)
FNDA:0,(anonymous_15)
FNDA:8,(anonymous_16)
FNDA:3,(anonymous_17)
FNDA:0,(anonymous_18)
FNDA:21,(anonymous_19)
FNDA:4,(anonymous_20)
FNDA:2,(anonymous_21)
FNDA:29,(anonymous_22)
FNDA:23,(anonymous_23)
FNDA:0,(anonymous_24)
DA:3,3
DA:9,3
DA:15,1
DA:21,24
DA:27,9
DA:33,0
DA:39,0
DA:40,0
DA:47,4
DA:53,4
DA:59,8
DA:65,7
DA:71,10
DA:77,2
DA:83,55
DA:89,1
DA:95,0
DA:101,8
DA:107,3
DA:113,0
DA:119,21
DA:125,4
DA:131,2
DA:137,29
DA:143,23
DA:149,0
DA:153,2
LF:27
LH:21
BRDA:39,0,0,0
BRDA:39,0,1,0
BRF:2
BRH:0
end_of_record
TN:
SF:/Users/ray/git-repos/GRADING/lina/FUZZ/semantics/analyzer.js
FN:11,(anonymous_0)
FN:21,(anonymous_1)
FN:28,(anonymous_2)
FN:48,(anonymous_3)
FN:51,(anonymous_4)
FN:56,(anonymous_5)
FN:60,(anonymous_6)
FN:69,(anonymous_7)
FN:71,(anonymous_8)
FN:75,(anonymous_9)
FN:80,(anonymous_10)
FN:85,(anonymous_11)
FN:99,(anonymous_12)
FN:109,(anonymous_13)
FN:116,(anonymous_14)
FN:124,(anonymous_15)
FN:129,(anonymous_16)
FN:132,(anonymous_17)
FN:139,(anonymous_18)
FN:151,(anonymous_19)
FN:155,(anonymous_20)
FN:167,(anonymous_21)
FNF:22
FNH:0
FNDA:0,(anonymous_0)
FNDA:0,(anonymous_1)
FNDA:0,(anonymous_2)
FNDA:0,(anonymous_3)
FNDA:0,(anonymous_4)
FNDA:0,(anonymous_5)
FNDA:0,(anonymous_6)
FNDA:0,(anonymous_7)
FNDA:0,(anonymous_8)
FNDA:0,(anonymous_9)
FNDA:0,(anonymous_10)
FNDA:0,(anonymous_11)
FNDA:0,(anonymous_12)
FNDA:0,(anonymous_13)
FNDA:0,(anonymous_14)
FNDA:0,(anonymous_15)
FNDA:0,(anonymous_16)
FNDA:0,(anonymous_17)
FNDA:0,(anonymous_18)
FNDA:0,(anonymous_19)
FNDA:0,(anonymous_20)
FNDA:0,(anonymous_21)
DA:5,2
DA:7,2
DA:9,2
DA:11,2
DA:12,0
DA:13,0
DA:14,0
DA:15,0
DA:16,0
DA:17,0
DA:18,0
DA:21,2
DA:22,0
DA:23,0
DA:24,0
DA:25,0
DA:28,2
DA:29,0
DA:30,0
DA:31,0
DA:32,0
DA:33,0
DA:34,0
DA:35,0
DA:36,0
DA:37,0
DA:38,0
DA:39,0
DA:40,0
DA:42,0
DA:44,0
DA:48,2
DA:49,0
DA:50,0
DA:51,0
DA:52,0
DA:53,0
DA:56,2
DA:57,0
DA:60,2
DA:61,0
DA:69,2
DA:70,0
DA:71,0
DA:72,0
DA:75,2
DA:76,0
DA:77,0
DA:80,2
DA:81,0
DA:82,0
DA:85,2
DA:86,0
DA:87,0
DA:88,0
DA:89,0
DA:90,0
DA:92,0
DA:93,0
DA:94,0
DA:95,0
DA:99,2
DA:100,0
DA:101,0
DA:102,0
DA:103,0
DA:104,0
DA:105,0
DA:109,2
DA:110,0
DA:111,0
DA:112,0
DA:113,0
DA:116,2
DA:117,0
DA:118,0
DA:119,0
DA:120,0
DA:121,0
DA:124,2
DA:125,0
DA:126,0
DA:129,2
DA:130,0
DA:131,0
DA:132,0
DA:133,0
DA:134,0
DA:135,0
DA:139,2
DA:140,0
DA:141,0
DA:142,0
DA:143,0
DA:144,0
DA:145,0
DA:146,0
DA:147,0
DA:148,0
DA:151,2
DA:152,0
DA:155,2
DA:156,0
DA:157,0
DA:158,0
DA:159,0
DA:162,0
DA:164,0
DA:167,2
DA:168,0
DA:169,0
DA:170,0
DA:171,0
DA:172,0
LF:114
LH:22
BRDA:31,0,0,0
BRDA:31,0,1,0
BRDA:34,1,0,0
BRDA:34,1,1,0
BRDA:37,2,0,0
BRDA:37,2,1,0
BRDA:89,3,0,0
BRDA:89,3,1,0
BRDA:94,4,0,0
BRDA:94,4,1,0
BRDA:100,5,0,0
BRDA:100,5,1,0
BRDA:102,6,0,0
BRDA:102,6,1,0
BRDA:104,7,0,0
BRDA:104,7,1,0
BRDA:157,8,0,0
BRDA:157,8,1,0
BRF:18
BRH:0
end_of_record
TN:
SF:/Users/ray/git-repos/GRADING/lina/FUZZ/semantics/builtins.js
FNF:0
FNH:0
DA:1,2
DA:3,2
DA:4,2
DA:5,2
DA:7,2
DA:13,2
LF:6
LH:6
BRF:0
BRH:0
end_of_record
TN:
SF:/Users/ray/git-repos/GRADING/lina/FUZZ/semantics/check.js
FN:5,doCheck
FN:80,(anonymous_1)
FNF:2
FNH:0
FNDA:0,doCheck
FNDA:0,(anonymous_1)
DA:1,2
DA:2,2
DA:3,2
DA:6,0
DA:7,0
DA:10,2
DA:13,0
DA:17,0
DA:22,0
DA:26,0
DA:30,0
DA:34,0
DA:38,0
DA:42,0
DA:49,0
DA:54,0
DA:59,0
DA:66,0
DA:73,0
DA:78,0
DA:80,0
LF:21
LH:4
BRDA:6,0,0,0
BRDA:6,0,1,0
BRDA:43,1,0,0
BRDA:43,1,1,0
BRDA:60,2,0,0
BRDA:60,2,1,0
BRDA:67,3,0,0
BRDA:67,3,1,0
BRF:8
BRH:0
end_of_record
TN:
SF:/Users/ray/git-repos/GRADING/lina/FUZZ/semantics/context.js
FN:36,(anonymous_0)
FN:46,(anonymous_1)
FN:51,(anonymous_2)
FN:56,(anonymous_3)
FN:66,(anonymous_4)
FN:73,(anonymous_5)
FN:82,(anonymous_6)
FN:94,(anonymous_7)
FN:105,(anonymous_8)
FNF:9
FNH:2
FNDA:2,(anonymous_0)
FNDA:0,(anonymous_1)
FNDA:0,(anonymous_2)
FNDA:0,(anonymous_3)
FNDA:0,(anonymous_4)
FNDA:0,(anonymous_5)
FNDA:0,(anonymous_6)
FNDA:0,(anonymous_7)
FNDA:6,(anonymous_8)
DA:9,2
DA:11,2
DA:37,2
DA:48,0
DA:53,0
DA:58,0
DA:67,0
DA:68,0
DA:70,0
DA:74,0
DA:75,0
DA:77,0
DA:83,0
DA:84,0
DA:85,0
DA:88,0
DA:95,0
DA:96,0
DA:97,0
DA:100,0
DA:104,2
DA:105,6
DA:106,2
DA:107,2
DA:108,2
DA:110,2
LF:26
LH:9
BRDA:36,0,0,2
BRDA:36,1,0,2
BRDA:36,2,0,2
BRDA:36,3,0,2
BRDA:67,4,0,0
BRDA:67,4,1,0
BRDA:74,5,0,0
BRDA:74,5,1,0
BRDA:84,6,0,0
BRDA:84,6,1,0
BRDA:96,7,0,0
BRDA:96,7,1,0
BRF:12
BRH:4
end_of_record
